2023-08-21 17:03:47 - PHP Warning:  mkdir(): File exists in D:\OSPanel\domains\testoc\upload\system\storage\vendor\twig\twig\src\Cache\FilesystemCache.php on line 54
2023-08-21 17:03:47 - PHP Warning:  mkdir(): File exists in D:\OSPanel\domains\testoc\upload\system\storage\vendor\twig\twig\src\Cache\FilesystemCache.php on line 54
2023-08-21 17:03:47 - PHP Warning:  mkdir(): File exists in D:\OSPanel\domains\testoc\upload\system\storage\vendor\twig\twig\src\Cache\FilesystemCache.php on line 54
2023-08-21 17:03:47 - PHP Warning:  mkdir(): File exists in D:\OSPanel\domains\testoc\upload\system\storage\vendor\twig\twig\src\Cache\FilesystemCache.php on line 54
2023-08-21 17:03:47 - PHP Warning:  rename(D:\OSPanel\domains\testoc\upload\system\storage\cache\template\8e\8ed21BA.tmp,D:/OSPanel/domains/testoc/upload/system/storage/cache/template/8e/8edb4e13672148a4bfb8122120a41208f54697d1edf35b52dbf811fe4899533b.php): Отказано в доступе (code: 5) in D:\OSPanel\domains\testoc\upload\system\storage\vendor\twig\twig\src\Cache\FilesystemCache.php on line 65
2023-08-21 17:03:47 - PHP Warning:  mkdir(): File exists in D:\OSPanel\domains\testoc\upload\system\storage\vendor\twig\twig\src\Cache\FilesystemCache.php on line 54
2023-08-21 17:03:47 - PHP Warning:  rename(D:\OSPanel\domains\testoc\upload\system\storage\cache\template\fc\fc922A7.tmp,D:/OSPanel/domains/testoc/upload/system/storage/cache/template/fc/fc9508381066d43348a60df3e71c9662b1501584e00fdc3b1e18650f1c112dcc.php): Отказано в доступе (code: 5) in D:\OSPanel\domains\testoc\upload\system\storage\vendor\twig\twig\src\Cache\FilesystemCache.php on line 65
2023-08-22 11:18:14 - PHP Warning:  Array to string conversion in D:\OSPanel\domains\testoc\catalog\controller\extension\module\test_module.php on line 15
2023-08-22 12:39:20 - PHP Warning:  Undefined array key "customer_id" in D:\OSPanel\domains\testoc\admin\controller\extension\module\test_module.php on line 9
2023-08-22 12:39:20 - PHP Warning:  Array to string conversion in D:\OSPanel\domains\testoc\admin\controller\extension\module\test_module.php on line 11
2023-08-22 12:43:20 - PHP Warning:  Undefined array key "customer_id" in D:\OSPanel\domains\testoc\catalog\controller\extension\module\test_module.php on line 7
2023-08-22 12:43:20 - PHP Warning:  Array to string conversion in D:\OSPanel\domains\testoc\catalog\controller\extension\module\test_module.php on line 9
2023-08-22 12:44:11 - PHP Warning:  Undefined array key "customer_id" in D:\OSPanel\domains\testoc\catalog\controller\extension\module\test_module.php on line 7
2023-08-22 12:44:11 - PHP Warning:  Array to string conversion in D:\OSPanel\domains\testoc\catalog\controller\extension\module\test_module.php on line 9
2023-08-22 12:54:24 - PHP Warning:  Array to string conversion in D:\OSPanel\domains\testoc\catalog\controller\extension\module\test_module.php on line 11
2023-08-22 12:54:47 - PHP Warning:  Array to string conversion in D:\OSPanel\domains\testoc\catalog\controller\extension\module\test_module.php on line 13
2023-08-22 12:57:10 - PHP Warning:  Undefined array key "status" in D:\OSPanel\domains\testoc\catalog\controller\extension\module\test_module.php on line 13
2023-08-22 12:57:16 - PHP Warning:  Undefined array key "status" in D:\OSPanel\domains\testoc\catalog\controller\extension\module\test_module.php on line 13
2023-08-22 12:57:24 - PHP Warning:  Undefined array key "status" in D:\OSPanel\domains\testoc\catalog\controller\extension\module\test_module.php on line 13
2023-08-22 13:49:37 - PHP Warning:  Array to string conversion in D:\OSPanel\domains\testoc\catalog\model\tool\string.php on line 12
2023-08-22 17:25:01 - PHP Warning:  Array to string conversion in D:\OSPanel\domains\testoc\catalog\controller\extension\module\test_module.php on line 33
2023-08-22 17:26:09 - PHP Warning:  Array to string conversion in D:\OSPanel\domains\testoc\catalog\controller\extension\module\test_module.php on line 34
2023-08-22 17:26:26 - PHP Warning:  Array to string conversion in D:\OSPanel\domains\testoc\catalog\controller\extension\module\test_module.php on line 34
2023-08-22 17:26:47 - PHP Warning:  Array to string conversion in D:\OSPanel\domains\testoc\catalog\controller\extension\module\test_module.php on line 34
2023-08-22 17:28:48 - PHP Warning:  Array to string conversion in D:\OSPanel\domains\testoc\catalog\controller\extension\module\test_module.php on line 32
2023-08-22 17:30:46 - PHP Warning:  Array to string conversion in D:\OSPanel\domains\testoc\catalog\controller\extension\module\test_module.php on line 35
2023-08-22 17:31:27 - PHP Warning:  Array to string conversion in D:\OSPanel\domains\testoc\catalog\controller\extension\module\test_module.php on line 37
2023-08-22 17:32:00 - PHP Warning:  Array to string conversion in D:\OSPanel\domains\testoc\catalog\controller\extension\module\test_module.php on line 37
2023-08-22 17:35:39 - PHP Warning:  Array to string conversion in D:\OSPanel\domains\testoc\catalog\controller\extension\module\test_module.php on line 34
2023-08-22 15:41:31 - PHP Warning:  Array to string conversion in D:\OSPanel\domains\testoc\catalog\controller\extension\module\test_module.php on line 7
